INFO     planner time limit: 1800s
INFO     planner memory limit: 3584 MB

INFO     Running translator.
INFO     translator stdin: None
INFO     translator time limit: 1799s
INFO     translator memory limit: 3584 MB
INFO     translator command line string: /mnt/c/Users/eda/BA_Eda/.venv/bin/python3 -m translate domain.pddl problem.pddl --sas-file output.sas
Parsing...
Parsing: [0.000s CPU, 0.014s wall-clock]
Normalizing task... [0.000s CPU, 0.000s wall-clock]
Instantiating...
Generating Datalog program... [0.000s CPU, 0.000s wall-clock]
Normalizing Datalog program...
Normalizing Datalog program: [0.010s CPU, 0.013s wall-clock]
Preparing model... [0.000s CPU, 0.000s wall-clock]
Generated 24 rules.
Computing model... [0.000s CPU, 0.001s wall-clock]
81 relevant atoms
60 auxiliary atoms
141 final queue length
180 total queue pushes
Completing instantiation... [0.000s CPU, 0.001s wall-clock]
Instantiating: [0.010s CPU, 0.016s wall-clock]
Computing fact groups...
Finding invariants...
10 initial candidates
Finding invariants: [0.000s CPU, 0.001s wall-clock]
Checking invariant weight... [0.000s CPU, 0.000s wall-clock]
Instantiating groups... [0.000s CPU, 0.000s wall-clock]
Collecting mutex groups... [0.000s CPU, 0.000s wall-clock]
Choosing groups...
0 uncovered facts
Choosing groups: [0.000s CPU, 0.000s wall-clock]
Building translation key... [0.000s CPU, 0.000s wall-clock]
Computing fact groups: [0.000s CPU, 0.002s wall-clock]
Building STRIPS to SAS dictionary... [0.000s CPU, 0.000s wall-clock]
Building dictionary for full mutex groups... [0.000s CPU, 0.000s wall-clock]
Building mutex information...
Building mutex information: [0.000s CPU, 0.000s wall-clock]
Translating task...
Processing axioms...
Simplifying axioms... [0.000s CPU, 0.000s wall-clock]
Translator axioms removed by simplifying: 0
Processing axioms: [0.000s CPU, 0.000s wall-clock]
Translating task: [0.000s CPU, 0.001s wall-clock]
0 effect conditions simplified
0 implied preconditions added
Detecting unreachable propositions...
0 operators removed
0 axioms removed
3 propositions removed
Detecting unreachable propositions: [0.000s CPU, 0.001s wall-clock]
Reordering and filtering variables...
7 of 7 variables necessary.
4 of 7 mutex groups necessary.
34 of 34 operators necessary.
0 of 0 axiom rules necessary.
Reordering and filtering variables: [0.000s CPU, 0.000s wall-clock]
Translator variables: 7
Translator derived variables: 0
Translator facts: 24
Translator goal facts: 4
Translator mutex groups: 4
Translator total mutex groups size: 16
Translator operators: 34
Translator axioms: 0
Translator task size: 233
Translator peak memory: 28960 KB
Writing output... [0.000s CPU, 0.003s wall-clock]
Done! [0.010s CPU, 0.037s wall-clock]
translate exit code: 0

INFO     Running search (release).
INFO     search stdin: output.sas
INFO     search time limit: 300s
INFO     search memory limit: 3584 MB
INFO     search command line string: /mnt/c/Users/eda/BA_Eda/experiments/data/experiments-v1/code-8b0e847c94c2f563ed3a5d8ea6a8f91c04c9c173_bd874d5d/builds/release/bin/downward --search 'ehc(ff(), preferred=[ff()], lazy=false, global_closed=false, dead_end=true, preferred_op=true)' --internal-plan-file sas_plan < output.sas
[t=0.006170s, 10036 KB] Search code revision: 8b0e847c9
[t=0.006170s, 10036 KB] reading input...
[t=0.007563s, 10036 KB] done reading input!
[t=0.011360s, 10300 KB] Simplifying 66 unary operators... done! [66 unary operators]
[t=0.011360s, 10300 KB] time to simplify: 0.000000s
[t=0.011360s, 10300 KB] Initializing additive heuristic...
[t=0.011360s, 10300 KB] Initializing FF heuristic...
[t=0.011360s, 10300 KB] Simplifying 66 unary operators... done! [66 unary operators]
[t=0.011360s, 10300 KB] time to simplify: 0.000000s
[t=0.011360s, 10300 KB] Initializing additive heuristic...
[t=0.011360s, 10300 KB] Initializing FF heuristic...
[t=0.011360s, 10300 KB] Building successor generator... done!
[t=0.011360s, 10300 KB] peak memory difference for successor generator creation: 0 KB
[t=0.011360s, 10300 KB] time for successor generation creation: 0.000000s
[t=0.011360s, 10300 KB] Variables: 7
[t=0.011360s, 10300 KB] FactPairs: 24
[t=0.011360s, 10300 KB] Bytes per state: 4
[t=0.011360s, 10300 KB] Conducting enforced hill-climbing search, (real) bound = 2147483647
[t=0.011360s, 10432 KB] Initial heuristic value for ff: 9
[t=0.011360s, 10432 KB] New best heuristic value for ff: 9
[t=0.011360s, 10432 KB] New best heuristic value for ff: 8
[t=0.011360s, 10432 KB] New best heuristic value for ff: 7
[t=0.011360s, 10432 KB] New best heuristic value for ff: 6
[t=0.011360s, 10432 KB] New best heuristic value for ff: 5
[t=0.011360s, 10432 KB] New best heuristic value for ff: 4
[t=0.011360s, 10432 KB] New best heuristic value for ff: 3
[t=0.011360s, 10432 KB] New best heuristic value for ff: 2
[t=0.011360s, 10432 KB] New best heuristic value for ff: 1
[t=0.011360s, 10432 KB] New best heuristic value for ff: 0
[t=0.011360s, 10432 KB] Solution found!
[t=0.011360s, 10432 KB] Actual search time: 0.000000s
pick ball1 rooma left (1)
pick ball2 rooma right (1)
move rooma roomb (1)
drop ball1 roomb left (1)
drop ball2 roomb right (1)
move roomb rooma (1)
pick ball3 rooma left (1)
pick ball4 rooma right (1)
move rooma roomb (1)
drop ball3 roomb left (1)
drop ball4 roomb right (1)
[t=0.011360s, 10432 KB] Plan length: 11 step(s).
[t=0.011360s, 10432 KB] Plan cost: 11
[t=0.011360s, 10432 KB] Expanded 960 state(s).
[t=0.011360s, 10432 KB] Reopened 0 state(s).
[t=0.011360s, 10432 KB] Evaluated 961 state(s).
[t=0.011360s, 10432 KB] Evaluations: 255
[t=0.011360s, 10432 KB] Generated 960 state(s).
[t=0.011360s, 10432 KB] Dead ends: 0 state(s).
[t=0.011360s, 10432 KB] EHC phases: 9
[t=0.011360s, 10432 KB] Average expansions per EHC phase: 106.666667
[t=0.011360s, 10432 KB] EHC phases of depth 1: 7 - Avg. Expansions: 113.428571
[t=0.011360s, 10432 KB] EHC phases of depth 2: 2 - Avg. Expansions: 83.000000
[t=0.011360s, 10432 KB] Search time: 0.000000s
[t=0.011360s, 10432 KB] Total time: 0.011360s
Solution found.
Peak memory: 10432 KB
Remove intermediate file output.sas
search exit code: 0

